<?xml version="1.0" encoding="UTF-8"?>
<testng-results ignored="0" total="0" passed="0" failed="0" skipped="0">
  <reporter-output>
  </reporter-output>
  <suite started-at="2022-12-02T10:59:48 CET" name="MainMethod.TestRunner" finished-at="2022-12-02T10:59:48 CET" duration-ms="23">
    <groups>
    </groups>
    <test started-at="2022-12-02T10:59:48 CET" name="Command line test" finished-at="2022-12-02T10:59:48 CET" duration-ms="23">
    </test> <!-- Command line test -->
  </suite> <!-- MainMethod.TestRunner -->
</testng-results>
